{
  "RSpec": {
    "coverage": {
      "/home/lucilio/Documentos/workspace/cms/app/controllers/api/v1/documents_controller.rb": [
        1,
        1,
        1,
        null,
        1,
        0,
        0,
        0,
        null,
        0,
        null,
        null,
        null,
        1,
        0,
        0,
        0,
        null,
        0,
        null,
        null,
        null,
        1,
        3,
        3,
        3,
        3,
        null,
        0,
        null,
        null,
        null,
        1,
        0,
        0,
        0,
        0,
        null,
        0,
        null,
        null,
        null,
        1,
        0,
        0,
        0,
        null,
        0,
        null,
        null,
        null,
        1,
        1,
        3,
        null,
        null,
        null,
        null
      ],
      "/home/lucilio/Documentos/workspace/cms/app/controllers/api/v1/base_controller.rb": [
        1,
        1,
        1,
        null,
        1,
        1,
        null,
        null,
        1,
        6,
        6,
        3,
        null,
        0,
        null,
        null,
        0,
        null,
        null,
        null,
        1,
        null,
        null,
        1,
        3,
        null,
        null,
        null,
        null,
        null,
        1,
        3,
        3,
        null,
        0,
        null,
        null,
        null,
        null,
        null
      ],
      "/home/lucilio/Documentos/workspace/cms/app/controllers/application_controller.rb": [
        1,
        null
      ],
      "/home/lucilio/Documentos/workspace/cms/app/services/document_service.rb": [
        1,
        1,
        1,
        3,
        3,
        null,
        null,
        1,
        3,
        null,
        null,
        1,
        null,
        1,
        3,
        0,
        0,
        0,
        0,
        0,
        null,
        0,
        null,
        null,
        3,
        null,
        null,
        1,
        3,
        null,
        null,
        null
      ],
      "/home/lucilio/Documentos/workspace/cms/app/services/application_service.rb": [
        1,
        1,
        0,
        null,
        null
      ],
      "/home/lucilio/Documentos/workspace/cms/app/serializers/document_serializer.rb": [
        1,
        1,
        null
      ]
    },
    "timestamp": 1580971154
  }
}
