{
  "RSpec": {
    "coverage": {
      "/workspace/cms/app/controllers/api/v1/users_controller.rb": [
        1,
        1,
        1,
        1,
        null,
        1,
        8,
        8,
        8,
        8,
        0,
        null,
        8,
        null,
        null,
        1,
        1,
        1,
        null,
        null,
        1,
        0,
        0,
        null,
        null,
        1,
        0,
        0,
        0,
        0,
        null,
        0,
        null,
        null,
        null,
        1,
        0,
        0,
        0,
        null,
        0,
        null,
        null,
        null,
        1,
        0,
        0,
        0,
        null,
        0,
        null,
        null,
        null,
        1,
        1,
        0,
        null,
        null,
        null,
        null,
        null,
        null,
        null,
        null,
        null,
        null
      ],
      "/workspace/cms/app/controllers/api/v1/base_controller.rb": [
        1,
        1,
        1,
        null,
        1,
        1,
        null,
        null,
        1,
        19,
        18,
        9,
        null,
        0,
        null,
        null,
        1,
        null,
        null,
        null,
        1,
        null,
        null,
        1,
        9,
        null,
        null,
        null,
        null,
        null,
        1,
        10,
        9,
        null,
        1,
        null,
        null,
        null,
        null,
        null
      ],
      "/workspace/cms/app/controllers/application_controller.rb": [
        1,
        null
      ],
      "/workspace/cms/app/serializers/user_serializer.rb": [
        1,
        1,
        1,
        1,
        1,
        null
      ]
    },
    "timestamp": 1603569953
  }
}
